<?xml version='1.0' encoding='utf-8'?>
<testsuite name="arise-b300-phase-a" tests="34" failures="0" skipped="0" time="0"><testcase classname="P0" name="SEC-02 privileged / hostPath / hostNetwork rejected for tenants" time="0" /><testcase classname="P0" name="SEC-03 real nvidia.com/gpu is rejected, never silently scheduled" time="0" /><testcase classname="P0" name="SEC-04 ResourceQuota and LimitRange enforced" time="5" /><testcase classname="P0" name="SEC-05 NetworkPolicy is ENFORCED (probed, not assumed)" time="43" /><testcase classname="P0" name="SEC-06 tenant RBAC cannot read secrets / nodes / other namespaces" time="0" /><testcase classname="P0" name="SCH-01 8 fake GPU per worker, 32 total, 0 on control-plane" time="0" /><testcase classname="P0" name="SCH-02 a 9-GPU request stays Pending with Insufficient reason" time="13" /><testcase classname="P0" name="SCH-03 namespace fake-GPU quota is enforced at admission" time="0" /><testcase classname="P0" name="SCH-04 workloads cannot target a non-ARISE node" time="0" /><testcase classname="P0" name="SCH-06 gang scheduling: all-or-nothing, never half-started" time="76" /><testcase classname="P1" name="SCH-07 marking a device unhealthy lowers allocatable" time="16" /><testcase classname="P0" name="SCH-08 VolcanoJob: multi-role distributed job is gang-scheduled" time="10" /><testcase classname="P0" name="SCH-09 queue capability caps entitlement even on an idle fleet" time="41" /><testcase classname="P0" name="SCH-13 device plugin injects ARISE_FAKE_GPU_IDS (plan §8.2 Allocate)" time="6" /><testcase classname="P0" name="SCH-11 pair affinity: a pair job never spills to the other pair" time="70" /><testcase classname="P0" name="SCH-12 entitlement cannot be borrowed: queue and priority bindings" time="1" /><testcase classname="P1" name="SCH-05 priority: a reservation displaces best-effort work" time="15" /><testcase classname="P0" name="FLV-01 flavor quantization: off-grid requests rejected, on-grid accepted" time="4" /><testcase classname="P0" name="FLV-02 pure-CPU rental lands on the CPU pool, never on a GPU node" time="18" /><testcase classname="P1" name="FLV-03 long-term storage: data survives the workload that wrote it" time="13" /><testcase classname="P0" name="DIR-01 DIRECT reservation guarantees customer capacity" time="83" /><testcase classname="P0" name="DIR-02 VAST-&gt;DIRECT unlists first: a rentable node is never dual-owned" time="60" /><testcase classname="P0" name="OBS-01 ownership / contract / capacity metrics are complete" time="1" /><testcase classname="P0" name="OBS-02 OwnerConflict P0 alert actually fires and reaches Alertmanager" time="214" /><testcase classname="P1" name="OBS-04 Grafana provisions from empty state with stable UIDs" time="1" /><testcase classname="P0" name="UI-01 console cannot bypass the state machine" time="49" /><testcase classname="P0" name="UI-02 tenant portal: full workload lifecycle, zero policy bypass" time="25" /><testcase classname="P0" name="UI-03 unified console: login gate, role isolation, zero credentials" time="38" /><testcase classname="P0" name="NODE-01 machine registration: deregister and onboard round trip" time="54" /><testcase classname="P0" name="VST-06 VAST production adapter unreachable and triple-disabled" time="26" /><testcase classname="P0" name="VST-03 active contract hard-blocks reclaim (unlist is not reclaim)" time="72" /><testcase classname="P0" name="OWN-04 same transitionId is idempotent; external side effect once" time="65" /><testcase classname="P0" name="OWN-06 tampering with owner label / taint is corrected" time="40" /><testcase classname="P0" name="E2E-04 VAST -&gt; ARISE only after contracts hit zero, via sanitize gate" time="54" /></testsuite>